# JRE version: OpenJDK Runtime Environment Temurin-17.0.12+7 (17.0.12+7) (build 17.0.12+7)
# Java VM: OpenJDK 64-Bit Server VM Temurin-17.0.12+7 (17.0.12+7, mixed mode, tiered, compressed oops, compressed class ptrs, parallel gc, windows-amd64)
GC Precious Log:
 CPUs: 12 total, 12 available
 Memory: 15741M
 Large Page Support: Disabled
 NUMA Support: Disabled
 Compressed Oops: Enabled (32-bit)
 Alignments: Space 512K, Generation 512K, Heap 2M
 Heap Min Capacity: 100M
 Heap Initial Capacity: 100M
 Heap Max Capacity: 1G
 Pre-touch: Disabled
 Parallel Workers: 10
Heap:
 PSYoungGen      total 16896K, used 4392K [0x00000000eab00000, 0x00000000ebe00000, 0x0000000100000000)
  eden space 14336K, 13% used [0x00000000eab00000,0x00000000eacd4690,0x00000000eb900000)
  from space 2560K, 98% used [0x00000000eba80000,0x00000000ebcf5bb8,0x00000000ebd00000)
  to   space 1024K, 0% used [0x00000000ebd00000,0x00000000ebd00000,0x00000000ebe00000)
 ParOldGen       total 117760K, used 109040K [0x00000000c0000000, 0x00000000c7300000, 0x00000000eab00000)
  object space 117760K, 92% used [0x00000000c0000000,0x00000000c6a7c3d8,0x00000000c7300000)
 Metaspace       used 87505K, committed 88896K, reserved 1179648K
  class space    used 10571K, committed 11136K, reserved 1048576K
GC Heap History (20 events):
Event: 32.970 GC heap before
{Heap before GC invocations=68 (full 4):
 PSYoungGen      total 17408K, used 17179K [0x00000000eab00000, 0x00000000ec100000, 0x0000000100000000)
  eden space 14848K, 100% used [0x00000000eab00000,0x00000000eb980000,0x00000000eb980000)
  from space 2560K, 91% used [0x00000000ebe80000,0x00000000ec0c6ca8,0x00000000ec100000)
  to   space 3072K, 0% used [0x00000000ebb00000,0x00000000ebb00000,0x00000000ebe00000)
 ParOldGen       total 92672K, used 87511K [0x00000000c0000000, 0x00000000c5a80000, 0x00000000eab00000)
  object space 92672K, 94% used [0x00000000c0000000,0x00000000c5575c38,0x00000000c5a80000)
 Metaspace       used 83449K, committed 84800K, reserved 1179648K
  class space    used 10139K, committed 10688K, reserved 1048576K
}
Event: 32.972 GC heap after
{Heap after GC invocations=68 (full 4):
 PSYoungGen      total 16384K, used 1265K [0x00000000eab00000, 0x00000000ebf00000, 0x0000000100000000)
  eden space 14848K, 0% used [0x00000000eab00000,0x00000000eab00000,0x00000000eb980000)
  from space 1536K, 82% used [0x00000000ebb00000,0x00000000ebc3c450,0x00000000ebc80000)
  to   space 2048K, 0% used [0x00000000ebd00000,0x00000000ebd00000,0x00000000ebf00000)
 ParOldGen       total 92672K, used 89031K [0x00000000c0000000, 0x00000000c5a80000, 0x00000000eab00000)
  object space 92672K, 96% used [0x00000000c0000000,0x00000000c56f1e70,0x00000000c5a80000)
 Metaspace       used 83449K, committed 84800K, reserved 1179648K
  class space    used 10139K, committed 10688K, reserved 1048576K
}
Event: 33.003 GC heap before
{Heap before GC invocations=69 (full 4):
 PSYoungGen      total 16384K, used 16113K [0x00000000eab00000, 0x00000000ebf00000, 0x0000000100000000)
  eden space 14848K, 100% used [0x00000000eab00000,0x00000000eb980000,0x00000000eb980000)
  from space 1536K, 82% used [0x00000000ebb00000,0x00000000ebc3c450,0x00000000ebc80000)
  to   space 2048K, 0% used [0x00000000ebd00000,0x00000000ebd00000,0x00000000ebf00000)
 ParOldGen       total 92672K, used 89031K [0x00000000c0000000, 0x00000000c5a80000, 0x00000000eab00000)
  object space 92672K, 96% used [0x00000000c0000000,0x00000000c56f1e70,0x00000000c5a80000)
 Metaspace       used 84117K, committed 85440K, reserved 1179648K
  class space    used 10218K, committed 10752K, reserved 1048576K
}
Event: 33.005 GC heap after
{Heap after GC invocations=69 (full 4):
 PSYoungGen      total 16384K, used 2020K [0x00000000eab00000, 0x00000000ec180000, 0x0000000100000000)
  eden space 14336K, 0% used [0x00000000eab00000,0x00000000eab00000,0x00000000eb900000)
  from space 2048K, 98% used [0x00000000ebd00000,0x00000000ebef92e8,0x00000000ebf00000)
  to   space 4096K, 0% used [0x00000000eb900000,0x00000000eb900000,0x00000000ebd00000)
 ParOldGen       total 92672K, used 90608K [0x00000000c0000000, 0x00000000c5a80000, 0x00000000eab00000)
  object space 92672K, 97% used [0x00000000c0000000,0x00000000c587c340,0x00000000c5a80000)
 Metaspace       used 84117K, committed 85440K, reserved 1179648K
  class space    used 10218K, committed 10752K, reserved 1048576K
}
Event: 33.037 GC heap before
{Heap before GC invocations=70 (full 4):
 PSYoungGen      total 16384K, used 16356K [0x00000000eab00000, 0x00000000ec180000, 0x0000000100000000)
  eden space 14336K, 100% used [0x00000000eab00000,0x00000000eb900000,0x00000000eb900000)
  from space 2048K, 98% used [0x00000000ebd00000,0x00000000ebef92e8,0x00000000ebf00000)
  to   space 4096K, 0% used [0x00000000eb900000,0x00000000eb900000,0x00000000ebd00000)
 ParOldGen       total 92672K, used 90608K [0x00000000c0000000, 0x00000000c5a80000, 0x00000000eab00000)
  object space 92672K, 97% used [0x00000000c0000000,0x00000000c587c340,0x00000000c5a80000)
 Metaspace       used 84923K, committed 86208K, reserved 1179648K
  class space    used 10282K, committed 10816K, reserved 1048576K
}
Event: 33.039 GC heap after
{Heap after GC invocations=70 (full 4):
 PSYoungGen      total 17408K, used 2804K [0x00000000eab00000, 0x00000000ec000000, 0x0000000100000000)
  eden space 14336K, 0% used [0x00000000eab00000,0x00000000eab00000,0x00000000eb900000)
  from space 3072K, 91% used [0x00000000eb900000,0x00000000ebbbd3c8,0x00000000ebc00000)
  to   space 3584K, 0% used [0x00000000ebc80000,0x00000000ebc80000,0x00000000ec000000)
 ParOldGen       total 92672K, used 92644K [0x00000000c0000000, 0x00000000c5a80000, 0x00000000eab00000)
  object space 92672K, 99% used [0x00000000c0000000,0x00000000c5a791f0,0x00000000c5a80000)
 Metaspace       used 84923K, committed 86208K, reserved 1179648K
  class space    used 10282K, committed 10816K, reserved 1048576K
}
Event: 33.039 GC heap before
{Heap before GC invocations=71 (full 5):
 PSYoungGen      total 17408K, used 2804K [0x00000000eab00000, 0x00000000ec000000, 0x0000000100000000)
  eden space 14336K, 0% used [0x00000000eab00000,0x00000000eab00000,0x00000000eb900000)
  from space 3072K, 91% used [0x00000000eb900000,0x00000000ebbbd3c8,0x00000000ebc00000)
  to   space 3584K, 0% used [0x00000000ebc80000,0x00000000ebc80000,0x00000000ec000000)
 ParOldGen       total 92672K, used 92644K [0x00000000c0000000, 0x00000000c5a80000, 0x00000000eab00000)
  object space 92672K, 99% used [0x00000000c0000000,0x00000000c5a791f0,0x00000000c5a80000)
 Metaspace       used 84923K, committed 86208K, reserved 1179648K
  class space    used 10282K, committed 10816K, reserved 1048576K
}
Event: 33.100 GC heap after
{Heap after GC invocations=71 (full 5):
 PSYoungGen      total 17920K, used 0K [0x00000000eab00000, 0x00000000ec000000, 0x0000000100000000)
  eden space 14336K, 0% used [0x00000000eab00000,0x00000000eab00000,0x00000000eb900000)
  from space 3584K, 0% used [0x00000000ebc80000,0x00000000ebc80000,0x00000000ec000000)
  to   space 3584K, 0% used [0x00000000eb900000,0x00000000eb900000,0x00000000ebc80000)
 ParOldGen       total 117760K, used 90818K [0x00000000c0000000, 0x00000000c7300000, 0x00000000eab00000)
  object space 117760K, 77% used [0x00000000c0000000,0x00000000c58b0bd8,0x00000000c7300000)
 Metaspace       used 84923K, committed 86208K, reserved 1179648K
  class space    used 10282K, committed 10816K, reserved 1048576K
}
Event: 33.139 GC heap before
{Heap before GC invocations=72 (full 5):
 PSYoungGen      total 17920K, used 14336K [0x00000000eab00000, 0x00000000ec000000, 0x0000000100000000)
  eden space 14336K, 100% used [0x00000000eab00000,0x00000000eb900000,0x00000000eb900000)
  from space 3584K, 0% used [0x00000000ebc80000,0x00000000ebc80000,0x00000000ec000000)
  to   space 3584K, 0% used [0x00000000eb900000,0x00000000eb900000,0x00000000ebc80000)
 ParOldGen       total 117760K, used 90818K [0x00000000c0000000, 0x00000000c7300000, 0x00000000eab00000)
  object space 117760K, 77% used [0x00000000c0000000,0x00000000c58b0bd8,0x00000000c7300000)
 Metaspace       used 85189K, committed 86464K, reserved 1179648K
  class space    used 10345K, committed 10880K, reserved 1048576K
}
Event: 33.141 GC heap after
{Heap after GC invocations=72 (full 5):
 PSYoungGen      total 17408K, used 2997K [0x00000000eab00000, 0x00000000ebf00000, 0x0000000100000000)
  eden space 14336K, 0% used [0x00000000eab00000,0x00000000eab00000,0x00000000eb900000)
  from space 3072K, 97% used [0x00000000eb900000,0x00000000ebbed740,0x00000000ebc00000)
  to   space 3072K, 0% used [0x00000000ebc00000,0x00000000ebc00000,0x00000000ebf00000)
 ParOldGen       total 117760K, used 90818K [0x00000000c0000000, 0x00000000c7300000, 0x00000000eab00000)
  object space 117760K, 77% used [0x00000000c0000000,0x00000000c58b0bd8,0x00000000c7300000)
 Metaspace       used 85189K, committed 86464K, reserved 1179648K
  class space    used 10345K, committed 10880K, reserved 1048576K
}
Event: 33.175 GC heap before
{Heap before GC invocations=73 (full 5):
 PSYoungGen      total 17408K, used 17279K [0x00000000eab00000, 0x00000000ebf00000, 0x0000000100000000)
  eden space 14336K, 99% used [0x00000000eab00000,0x00000000eb8f2880,0x00000000eb900000)
  from space 3072K, 97% used [0x00000000eb900000,0x00000000ebbed740,0x00000000ebc00000)
  to   space 3072K, 0% used [0x00000000ebc00000,0x00000000ebc00000,0x00000000ebf00000)
 ParOldGen       total 117760K, used 90818K [0x00000000c0000000, 0x00000000c7300000, 0x00000000eab00000)
  object space 117760K, 77% used [0x00000000c0000000,0x00000000c58b0bd8,0x00000000c7300000)
 Metaspace       used 85337K, committed 86656K, reserved 1179648K
  class space    used 10360K, committed 10944K, reserved 1048576K
}
Event: 33.178 GC heap after
{Heap after GC invocations=73 (full 5):
 PSYoungGen      total 17408K, used 3040K [0x00000000eab00000, 0x00000000ebf00000, 0x0000000100000000)
  eden space 14336K, 0% used [0x00000000eab00000,0x00000000eab00000,0x00000000eb900000)
  from space 3072K, 98% used [0x00000000ebc00000,0x00000000ebef8018,0x00000000ebf00000)
  to   space 3072K, 0% used [0x00000000eb900000,0x00000000eb900000,0x00000000ebc00000)
 ParOldGen       total 117760K, used 93609K [0x00000000c0000000, 0x00000000c7300000, 0x00000000eab00000)
  object space 117760K, 79% used [0x00000000c0000000,0x00000000c5b6a660,0x00000000c7300000)
 Metaspace       used 85337K, committed 86656K, reserved 1179648K
  class space    used 10360K, committed 10944K, reserved 1048576K
}
Event: 33.214 GC heap before
{Heap before GC invocations=74 (full 5):
 PSYoungGen      total 17408K, used 17376K [0x00000000eab00000, 0x00000000ebf00000, 0x0000000100000000)
  eden space 14336K, 100% used [0x00000000eab00000,0x00000000eb900000,0x00000000eb900000)
  from space 3072K, 98% used [0x00000000ebc00000,0x00000000ebef8018,0x00000000ebf00000)
  to   space 3072K, 0% used [0x00000000eb900000,0x00000000eb900000,0x00000000ebc00000)
 ParOldGen       total 117760K, used 93609K [0x00000000c0000000, 0x00000000c7300000, 0x00000000eab00000)
  object space 117760K, 79% used [0x00000000c0000000,0x00000000c5b6a660,0x00000000c7300000)
 Metaspace       used 85544K, committed 86848K, reserved 1179648K
  class space    used 10367K, committed 10944K, reserved 1048576K
}
Event: 33.216 GC heap after
{Heap after GC invocations=74 (full 5):
 PSYoungGen      total 17408K, used 3069K [0x00000000eab00000, 0x00000000ec600000, 0x0000000100000000)
  eden space 14336K, 0% used [0x00000000eab00000,0x00000000eab00000,0x00000000eb900000)
  from space 3072K, 99% used [0x00000000eb900000,0x00000000ebbff7f0,0x00000000ebc00000)
  to   space 6656K, 0% used [0x00000000ebf80000,0x00000000ebf80000,0x00000000ec600000)
 ParOldGen       total 117760K, used 96361K [0x00000000c0000000, 0x00000000c7300000, 0x00000000eab00000)
  object space 117760K, 81% used [0x00000000c0000000,0x00000000c5e1a688,0x00000000c7300000)
 Metaspace       used 85544K, committed 86848K, reserved 1179648K
  class space    used 10367K, committed 10944K, reserved 1048576K
}
Event: 33.247 GC heap before
{Heap before GC invocations=75 (full 5):
 PSYoungGen      total 17408K, used 17405K [0x00000000eab00000, 0x00000000ec600000, 0x0000000100000000)
  eden space 14336K, 100% used [0x00000000eab00000,0x00000000eb900000,0x00000000eb900000)
  from space 3072K, 99% used [0x00000000eb900000,0x00000000ebbff7f0,0x00000000ebc00000)
  to   space 6656K, 0% used [0x00000000ebf80000,0x00000000ebf80000,0x00000000ec600000)
 ParOldGen       total 117760K, used 96361K [0x00000000c0000000, 0x00000000c7300000, 0x00000000eab00000)
  object space 117760K, 81% used [0x00000000c0000000,0x00000000c5e1a688,0x00000000c7300000)
 Metaspace       used 86052K, committed 87488K, reserved 1179648K
  class space    used 10427K, committed 11008K, reserved 1048576K
}
Event: 33.249 GC heap after
{Heap after GC invocations=75 (full 5):
 PSYoungGen      total 17408K, used 2991K [0x00000000eab00000, 0x00000000ec280000, 0x0000000100000000)
  eden space 14336K, 0% used [0x00000000eab00000,0x00000000eab00000,0x00000000eb900000)
  from space 3072K, 97% used [0x00000000ebf80000,0x00000000ec26be88,0x00000000ec280000)
  to   space 4096K, 0% used [0x00000000eba80000,0x00000000eba80000,0x00000000ebe80000)
 ParOldGen       total 117760K, used 99321K [0x00000000c0000000, 0x00000000c7300000, 0x00000000eab00000)
  object space 117760K, 84% used [0x00000000c0000000,0x00000000c60fe410,0x00000000c7300000)
 Metaspace       used 86052K, committed 87488K, reserved 1179648K
  class space    used 10427K, committed 11008K, reserved 1048576K
}
Event: 33.290 GC heap before
{Heap before GC invocations=76 (full 5):
 PSYoungGen      total 17408K, used 17282K [0x00000000eab00000, 0x00000000ec280000, 0x0000000100000000)
  eden space 14336K, 99% used [0x00000000eab00000,0x00000000eb8f4ba8,0x00000000eb900000)
  from space 3072K, 97% used [0x00000000ebf80000,0x00000000ec26be88,0x00000000ec280000)
  to   space 4096K, 0% used [0x00000000eba80000,0x00000000eba80000,0x00000000ebe80000)
 ParOldGen       total 117760K, used 99321K [0x00000000c0000000, 0x00000000c7300000, 0x00000000eab00000)
  object space 117760K, 84% used [0x00000000c0000000,0x00000000c60fe410,0x00000000c7300000)
 Metaspace       used 86447K, committed 87808K, reserved 1179648K
  class space    used 10461K, committed 11008K, reserved 1048576K
}
Event: 33.293 GC heap after
{Heap after GC invocations=76 (full 5):
 PSYoungGen      total 16896K, used 2445K [0x00000000eab00000, 0x00000000ec000000, 0x0000000100000000)
  eden space 14336K, 0% used [0x00000000eab00000,0x00000000eab00000,0x00000000eb900000)
  from space 2560K, 95% used [0x00000000eba80000,0x00000000ebce36b8,0x00000000ebd00000)
  to   space 3072K, 0% used [0x00000000ebd00000,0x00000000ebd00000,0x00000000ec000000)
 ParOldGen       total 117760K, used 102021K [0x00000000c0000000, 0x00000000c7300000, 0x00000000eab00000)
  object space 117760K, 86% used [0x00000000c0000000,0x00000000c63a15c0,0x00000000c7300000)
 Metaspace       used 86447K, committed 87808K, reserved 1179648K
  class space    used 10461K, committed 11008K, reserved 1048576K
}
Event: 33.355 GC heap before
{Heap before GC invocations=77 (full 5):
 PSYoungGen      total 16896K, used 16781K [0x00000000eab00000, 0x00000000ec000000, 0x0000000100000000)
  eden space 14336K, 100% used [0x00000000eab00000,0x00000000eb900000,0x00000000eb900000)
  from space 2560K, 95% used [0x00000000eba80000,0x00000000ebce36b8,0x00000000ebd00000)
  to   space 3072K, 0% used [0x00000000ebd00000,0x00000000ebd00000,0x00000000ec000000)
 ParOldGen       total 117760K, used 102021K [0x00000000c0000000, 0x00000000c7300000, 0x00000000eab00000)
  object space 117760K, 86% used [0x00000000c0000000,0x00000000c63a15c0,0x00000000c7300000)
 Metaspace       used 87129K, committed 88512K, reserved 1179648K
  class space    used 10523K, committed 11072K, reserved 1048576K
}
Event: 33.358 GC heap after
{Heap after GC invocations=77 (full 5):
 PSYoungGen      total 16896K, used 2428K [0x00000000eab00000, 0x00000000ebf80000, 0x0000000100000000)
  eden space 14336K, 0% used [0x00000000eab00000,0x00000000eab00000,0x00000000eb900000)
  from space 2560K, 94% used [0x00000000ebd00000,0x00000000ebf5f018,0x00000000ebf80000)
  to   space 2560K, 0% used [0x00000000eba80000,0x00000000eba80000,0x00000000ebd00000)
 ParOldGen       total 117760K, used 104149K [0x00000000c0000000, 0x00000000c7300000, 0x00000000eab00000)
  object space 117760K, 88% used [0x00000000c0000000,0x00000000c65b55f8,0x00000000c7300000)
 Metaspace       used 87129K, committed 88512K, reserved 1179648K
  class space    used 10523K, committed 11072K, reserved 1048576K
}

