# JRE version: OpenJDK Runtime Environment Temurin-17.0.10+7 (17.0.10+7) (build 17.0.10+7)
# Java VM: OpenJDK 64-Bit Server VM Temurin-17.0.10+7 (17.0.10+7, mixed mode, sharing, tiered, compressed oops, compressed class ptrs, g1 gc, windows-amd64)
GC Precious Log:
 CPUs: 12 total, 12 available
 Memory: 15741M
 Large Page Support: Disabled
 NUMA Support: Disabled
 Compressed Oops: Enabled (32-bit)
 Heap Region Size: 1M
 Heap Min Capacity: 256M
 Heap Initial Capacity: 256M
 Heap Max Capacity: 512M
 Pre-touch: Disabled
 Parallel Workers: 10
 Concurrent Workers: 3
 Concurrent Refinement Workers: 10
 Periodic GC: Disabled
Heap:
 garbage-first heap   total 262144K, used 196790K [0x00000000e0000000, 0x0000000100000000)
  region size 1024K, 144 young (147456K), 5 survivors (5120K)
 Metaspace       used 67357K, committed 68352K, reserved 393216K
  class space    used 9482K, committed 9984K, reserved 327680K
GC Heap History (20 events):
Event: 1.056 GC heap before
{Heap before GC invocations=2 (full 0):
 garbage-first heap   total 262144K, used 58402K [0x00000000e0000000, 0x0000000100000000)
  region size 1024K, 46 young (47104K), 3 survivors (3072K)
 Metaspace       used 4774K, committed 4992K, reserved 393216K
  class space    used 616K, committed 704K, reserved 327680K
}
Event: 1.059 GC heap after
{Heap after GC invocations=3 (full 0):
 garbage-first heap   total 262144K, used 17644K [0x00000000e0000000, 0x0000000100000000)
  region size 1024K, 6 young (6144K), 6 survivors (6144K)
 Metaspace       used 4774K, committed 4992K, reserved 393216K
  class space    used 616K, committed 704K, reserved 327680K
}
Event: 2.527 GC heap before
{Heap before GC invocations=3 (full 0):
 garbage-first heap   total 262144K, used 123116K [0x00000000e0000000, 0x0000000100000000)
  region size 1024K, 110 young (112640K), 6 survivors (6144K)
 Metaspace       used 21236K, committed 21504K, reserved 393216K
  class space    used 3119K, committed 3264K, reserved 327680K
}
Event: 2.536 GC heap after
{Heap after GC invocations=4 (full 0):
 garbage-first heap   total 262144K, used 24466K [0x00000000e0000000, 0x0000000100000000)
  region size 1024K, 13 young (13312K), 13 survivors (13312K)
 Metaspace       used 21236K, committed 21504K, reserved 393216K
  class space    used 3119K, committed 3264K, reserved 327680K
}
Event: 3.810 GC heap before
{Heap before GC invocations=5 (full 0):
 garbage-first heap   total 262144K, used 147346K [0x00000000e0000000, 0x0000000100000000)
  region size 1024K, 130 young (133120K), 13 survivors (13312K)
 Metaspace       used 35476K, committed 35968K, reserved 393216K
  class space    used 4941K, committed 5184K, reserved 327680K
}
Event: 3.821 GC heap after
{Heap after GC invocations=6 (full 0):
 garbage-first heap   total 262144K, used 34759K [0x00000000e0000000, 0x0000000100000000)
  region size 1024K, 17 young (17408K), 17 survivors (17408K)
 Metaspace       used 35476K, committed 35968K, reserved 393216K
  class space    used 4941K, committed 5184K, reserved 327680K
}
Event: 3.833 GC heap before
{Heap before GC invocations=6 (full 0):
 garbage-first heap   total 262144K, used 35783K [0x00000000e0000000, 0x0000000100000000)
  region size 1024K, 18 young (18432K), 17 survivors (17408K)
 Metaspace       used 35674K, committed 36160K, reserved 393216K
  class space    used 4969K, committed 5184K, reserved 327680K
}
Event: 3.840 GC heap after
{Heap after GC invocations=7 (full 0):
 garbage-first heap   total 262144K, used 35806K [0x00000000e0000000, 0x0000000100000000)
  region size 1024K, 3 young (3072K), 3 survivors (3072K)
 Metaspace       used 35674K, committed 36160K, reserved 393216K
  class space    used 4969K, committed 5184K, reserved 327680K
}
Event: 3.850 GC heap before
{Heap before GC invocations=7 (full 0):
 garbage-first heap   total 262144K, used 36830K [0x00000000e0000000, 0x0000000100000000)
  region size 1024K, 5 young (5120K), 3 survivors (3072K)
 Metaspace       used 35799K, committed 36288K, reserved 393216K
  class space    used 4989K, committed 5184K, reserved 327680K
}
Event: 3.850 GC heap after
{Heap after GC invocations=8 (full 0):
 garbage-first heap   total 262144K, used 33902K [0x00000000e0000000, 0x0000000100000000)
  region size 1024K, 1 young (1024K), 1 survivors (1024K)
 Metaspace       used 35799K, committed 36288K, reserved 393216K
  class space    used 4989K, committed 5184K, reserved 327680K
}
Event: 5.397 GC heap before
{Heap before GC invocations=9 (full 0):
 garbage-first heap   total 262144K, used 191598K [0x00000000e0000000, 0x0000000100000000)
  region size 1024K, 153 young (156672K), 1 survivors (1024K)
 Metaspace       used 50102K, committed 50624K, reserved 393216K
  class space    used 7187K, committed 7424K, reserved 327680K
}
Event: 5.404 GC heap after
{Heap after GC invocations=10 (full 0):
 garbage-first heap   total 262144K, used 39863K [0x00000000e0000000, 0x0000000100000000)
  region size 1024K, 7 young (7168K), 7 survivors (7168K)
 Metaspace       used 50102K, committed 50624K, reserved 393216K
  class space    used 7187K, committed 7424K, reserved 327680K
}
Event: 7.451 GC heap before
{Heap before GC invocations=10 (full 0):
 garbage-first heap   total 262144K, used 184247K [0x00000000e0000000, 0x0000000100000000)
  region size 1024K, 149 young (152576K), 7 survivors (7168K)
 Metaspace       used 60086K, committed 60736K, reserved 393216K
  class space    used 8720K, committed 9024K, reserved 327680K
}
Event: 7.463 GC heap after
{Heap after GC invocations=11 (full 0):
 garbage-first heap   total 262144K, used 52657K [0x00000000e0000000, 0x0000000100000000)
  region size 1024K, 19 young (19456K), 19 survivors (19456K)
 Metaspace       used 60086K, committed 60736K, reserved 393216K
  class space    used 8720K, committed 9024K, reserved 327680K
}
Event: 753.562 GC heap before
{Heap before GC invocations=12 (full 0):
 garbage-first heap   total 262144K, used 188849K [0x00000000e0000000, 0x0000000100000000)
  region size 1024K, 153 young (156672K), 19 survivors (19456K)
 Metaspace       used 65078K, committed 65984K, reserved 393216K
  class space    used 9364K, committed 9792K, reserved 327680K
}
Event: 753.574 GC heap after
{Heap after GC invocations=13 (full 0):
 garbage-first heap   total 262144K, used 56637K [0x00000000e0000000, 0x0000000100000000)
  region size 1024K, 5 young (5120K), 5 survivors (5120K)
 Metaspace       used 65078K, committed 65984K, reserved 393216K
  class space    used 9364K, committed 9792K, reserved 327680K
}
Event: 1819.488 GC heap before
{Heap before GC invocations=13 (full 0):
 garbage-first heap   total 262144K, used 208189K [0x00000000e0000000, 0x0000000100000000)
  region size 1024K, 153 young (156672K), 5 survivors (5120K)
 Metaspace       used 66107K, committed 67072K, reserved 393216K
  class space    used 9412K, committed 9856K, reserved 327680K
}
Event: 1819.491 GC heap after
{Heap after GC invocations=14 (full 0):
 garbage-first heap   total 262144K, used 55625K [0x00000000e0000000, 0x0000000100000000)
  region size 1024K, 4 young (4096K), 4 survivors (4096K)
 Metaspace       used 66107K, committed 67072K, reserved 393216K
  class space    used 9412K, committed 9856K, reserved 327680K
}
Event: 2556.545 GC heap before
{Heap before GC invocations=14 (full 0):
 garbage-first heap   total 262144K, used 208201K [0x00000000e0000000, 0x0000000100000000)
  region size 1024K, 153 young (156672K), 4 survivors (4096K)
 Metaspace       used 66902K, committed 67904K, reserved 393216K
  class space    used 9462K, committed 9984K, reserved 327680K
}
Event: 2556.549 GC heap after
{Heap after GC invocations=15 (full 0):
 garbage-first heap   total 262144K, used 56502K [0x00000000e0000000, 0x0000000100000000)
  region size 1024K, 5 young (5120K), 5 survivors (5120K)
 Metaspace       used 66902K, committed 67904K, reserved 393216K
  class space    used 9462K, committed 9984K, reserved 327680K
}

